<?xml version="1.0" encoding="UTF-8"?>
<!-- Generated by org.testng.reporters.JUnitReportReporter -->
<testsuite hostname="LAPTOP-PSK043T1" failures="0" tests="1" name="suite.LoginTest" time="0.007" errors="0" timestamp="2024-08-26T19:59:59 CST" skipped="0">
  <testcase classname="suite.LoginTest" name="userLoginSuccess" time="0.007"/>
</testsuite> <!-- suite.LoginTest -->
