<?xml version="1.0" encoding="UTF-8"?>
<!-- Generated by org.testng.reporters.JUnitReportReporter -->
<testsuite hostname="LAPTOP-PSK043T1" failures="0" tests="1" name="page.tests.ValidateUserCanLoginSuccessfully" time="0.203" errors="0" timestamp="2024-08-26T23:40:44 CST" skipped="0">
  <testcase classname="page.tests.ValidateUserCanLoginSuccessfully" name="validateUserCanLoginSuccessfully" time="0.203"/>
</testsuite> <!-- page.tests.ValidateUserCanLoginSuccessfully -->
