<?xml version="1.0" encoding="UTF-8"?>
<!-- Generated by org.testng.reporters.JUnitReportReporter -->
<testsuite hostname="LAPTOP-PSK043T1" failures="0" tests="1" name="page.tests.ValidateUserCantLoginInvalidUsername" time="0.218" errors="0" timestamp="2024-08-26T23:24:00 CST" skipped="0">
  <testcase classname="page.tests.ValidateUserCantLoginInvalidUsername" name="validateUserCantLoginInvalidUsername" time="0.218"/>
</testsuite> <!-- page.tests.ValidateUserCantLoginInvalidUsername -->
